# JRE version: OpenJDK Runtime Environment Temurin-17.0.1+12 (17.0.1+12) (build 17.0.1+12)
# Java VM: OpenJDK 64-Bit Server VM Temurin-17.0.1+12 (17.0.1+12, mixed mode, tiered, compressed oops, compressed class ptrs, g1 gc, bsd-amd64)
GC Precious Log:
 CPUs: 4 total, 4 available
 Memory: 8192M
 Large Page Support: Disabled
 NUMA Support: Disabled
 Compressed Oops: Enabled (Zero based)
 Heap Region Size: 1M
 Heap Min Capacity: 8M
 Heap Initial Capacity: 128M
 Heap Max Capacity: 2G
 Pre-touch: Disabled
 Parallel Workers: 4
 Concurrent Workers: 1
 Concurrent Refinement Workers: 4
 Periodic GC: Disabled
Heap:
 garbage-first heap   total 41984K, used 23484K [0x0000000740000000, 0x00000007c0000000)
  region size 1024K, 15 young (15360K), 1 survivors (1024K)
 Metaspace       used 27852K, committed 28096K, reserved 1081344K
  class space    used 3785K, committed 3904K, reserved 1048576K
GC Heap History (12 events):
Event: 0.448 GC heap before
{Heap before GC invocations=0 (full 0):
 garbage-first heap   total 131072K, used 12288K [0x0000000740000000, 0x00000007c0000000)
  region size 1024K, 13 young (13312K), 0 survivors (0K)
 Metaspace       used 7770K, committed 7936K, reserved 1056768K
  class space    used 724K, committed 768K, reserved 1048576K
}
Event: 0.457 GC heap after
{Heap after GC invocations=1 (full 0):
 garbage-first heap   total 131072K, used 3168K [0x0000000740000000, 0x00000007c0000000)
  region size 1024K, 2 young (2048K), 2 survivors (2048K)
 Metaspace       used 7770K, committed 7936K, reserved 1056768K
  class space    used 724K, committed 768K, reserved 1048576K
}
Event: 1.070 GC heap before
{Heap before GC invocations=1 (full 0):
 garbage-first heap   total 131072K, used 19552K [0x0000000740000000, 0x00000007c0000000)
  region size 1024K, 18 young (18432K), 2 survivors (2048K)
 Metaspace       used 12158K, committed 12352K, reserved 1064960K
  class space    used 1240K, committed 1344K, reserved 1048576K
}
Event: 1.090 GC heap after
{Heap after GC invocations=2 (full 0):
 garbage-first heap   total 131072K, used 3647K [0x0000000740000000, 0x00000007c0000000)
  region size 1024K, 3 young (3072K), 3 survivors (3072K)
 Metaspace       used 12158K, committed 12352K, reserved 1064960K
  class space    used 1240K, committed 1344K, reserved 1048576K
}
Event: 2.050 GC heap before
{Heap before GC invocations=2 (full 0):
 garbage-first heap   total 131072K, used 37439K [0x0000000740000000, 0x00000007c0000000)
  region size 1024K, 36 young (36864K), 3 survivors (3072K)
 Metaspace       used 14770K, committed 14912K, reserved 1064960K
  class space    used 1592K, committed 1664K, reserved 1048576K
}
Event: 2.067 GC heap after
{Heap after GC invocations=3 (full 0):
 garbage-first heap   total 131072K, used 4391K [0x0000000740000000, 0x00000007c0000000)
  region size 1024K, 4 young (4096K), 4 survivors (4096K)
 Metaspace       used 14770K, committed 14912K, reserved 1064960K
  class space    used 1592K, committed 1664K, reserved 1048576K
}
Event: 3.353 GC heap before
{Heap before GC invocations=3 (full 0):
 garbage-first heap   total 131072K, used 24871K [0x0000000740000000, 0x00000007c0000000)
  region size 1024K, 26 young (26624K), 4 survivors (4096K)
 Metaspace       used 21297K, committed 21504K, reserved 1073152K
  class space    used 2488K, committed 2560K, reserved 1048576K
}
Event: 3.363 GC heap after
{Heap after GC invocations=4 (full 0):
 garbage-first heap   total 131072K, used 8137K [0x0000000740000000, 0x00000007c0000000)
  region size 1024K, 7 young (7168K), 7 survivors (7168K)
 Metaspace       used 21297K, committed 21504K, reserved 1073152K
  class space    used 2488K, committed 2560K, reserved 1048576K
}
Event: 4.087 GC heap before
{Heap before GC invocations=5 (full 0):
 garbage-first heap   total 34816K, used 21449K [0x0000000740000000, 0x00000007c0000000)
  region size 1024K, 20 young (20480K), 7 survivors (7168K)
 Metaspace       used 24402K, committed 24640K, reserved 1073152K
  class space    used 3132K, committed 3200K, reserved 1048576K
}
Event: 4.104 GC heap after
{Heap after GC invocations=6 (full 0):
 garbage-first heap   total 34816K, used 9079K [0x0000000740000000, 0x00000007c0000000)
  region size 1024K, 2 young (2048K), 2 survivors (2048K)
 Metaspace       used 24402K, committed 24640K, reserved 1073152K
  class space    used 3132K, committed 3200K, reserved 1048576K
}
Event: 4.124 GC heap before
{Heap before GC invocations=6 (full 0):
 garbage-first heap   total 34816K, used 10103K [0x0000000740000000, 0x00000007c0000000)
  region size 1024K, 3 young (3072K), 2 survivors (2048K)
 Metaspace       used 24641K, committed 24896K, reserved 1073152K
  class space    used 3192K, committed 3264K, reserved 1048576K
}
Event: 4.142 GC heap after
{Heap after GC invocations=7 (full 0):
 garbage-first heap   total 41984K, used 9148K [0x0000000740000000, 0x00000007c0000000)
  region size 1024K, 1 young (1024K), 1 survivors (1024K)
 Metaspace       used 24641K, committed 24896K, reserved 1073152K
  class space    used 3192K, committed 3264K, reserved 1048576K
}

